<?xml version="1.0" encoding="UTF-8"?>
<!-- Generated by org.testng.reporters.JUnitReportReporter -->
<testsuite skipped="1" hostname="DESKTOP-EBKPB7F" name="E2EProject.Maven.validateNavigationBar" tests="2" failures="0" timestamp="2020-08-25T12:16:34 CDT" time="0.007" errors="1">
  <testcase name="initilization" time="0.007" classname="E2EProject.Maven.validateNavigationBar">
    <error type="java.lang.NullPointerException">
      <![CDATA[java.lang.NullPointerException
at resources.base.initizationDriver(base.java:35)
at E2EProject.Maven.validateNavigationBar.initilization(validateNavigationBar.java:29)
at sun.reflect.NativeMethodAccessorImpl.invoke0(Native Method)
at sun.reflect.NativeMethodAccessorImpl.invoke(Unknown Source)
at sun.reflect.DelegatingMethodAccessorImpl.invoke(Unknown Source)
at java.lang.reflect.Method.invoke(Unknown Source)
at org.testng.internal.MethodInvocationHelper.invokeMethod(MethodInvocationHelper.java:135)
at org.testng.internal.MethodInvocationHelper.invokeMethodConsideringTimeout(MethodInvocationHelper.java:64)
at org.testng.internal.ConfigInvoker.invokeConfigurationMethod(ConfigInvoker.java:364)
at org.testng.internal.ConfigInvoker.invokeConfigurations(ConfigInvoker.java:318)
at org.testng.TestRunner.invokeTestConfigurations(TestRunner.java:620)
at org.testng.TestRunner.beforeRun(TestRunner.java:610)
at org.testng.TestRunner.run(TestRunner.java:581)
at org.testng.SuiteRunner.runTest(SuiteRunner.java:384)
at org.testng.SuiteRunner.access$000(SuiteRunner.java:28)
at org.testng.SuiteRunner$SuiteWorker.run(SuiteRunner.java:425)
at org.testng.internal.thread.ThreadUtil.lambda$execute$0(ThreadUtil.java:68)
at java.util.concurrent.FutureTask.run(Unknown Source)
at java.util.concurrent.ThreadPoolExecutor.runWorker(Unknown Source)
at java.util.concurrent.ThreadPoolExecutor$Worker.run(Unknown Source)
at java.lang.Thread.run(Unknown Source)
]]>
    </error>
  </testcase> <!-- initilization -->
  <system-out/>
  <testcase name="ValidateNavgation" time="0.000" classname="E2EProject.Maven.validateNavigationBar">
    <skipped/>
  </testcase> <!-- ValidateNavgation -->
  <system-out/>
</testsuite> <!-- E2EProject.Maven.validateNavigationBar -->
