<?xml version="1.0" encoding="UTF-8"?>
<!-- Generated by org.testng.reporters.JUnitReportReporter -->
<testsuite skipped="0" hostname="DESKTOP-EBKPB7F" name="E2EProject.Maven.validateTitle" tests="1" failures="0" timestamp="2020-08-25T10:35:04 CDT" time="1.017" errors="0">
  <testcase name="validateAppTitle" time="1.017" classname="E2EProject.Maven.validateTitle"/>
  <system-out/>
</testsuite> <!-- E2EProject.Maven.validateTitle -->
